#
# There is insufficient memory for the Java Runtime Environment to continue.
# Native memory allocation (malloc) failed to allocate 623056 bytes. Error detail: Chunk::new
# Possible reasons:
#   The system is out of physical RAM or swap space
#   This process is running with CompressedOops enabled, and the Java Heap may be blocking the growth of the native heap
# Possible solutions:
#   Reduce memory load on the system
#   Increase physical memory or swap space
#   Check if swap backing store is full
#   Decrease Java heap size (-Xmx/-Xms)
#   Decrease number of Java threads
#   Decrease Java thread stack sizes (-Xss)
#   Set larger code cache with -XX:ReservedCodeCacheSize=
#   JVM is running with Unscaled Compressed Oops mode in which the Java heap is
#     placed in the first 4GB address space. The Java Heap base address is the
#     maximum limit for the native heap growth. Please use -XX:HeapBaseMinAddress
#     to set the Java Heap base and to place the Java Heap above 4GB virtual address.
# This output file may be truncated or incomplete.
#
#  Out of Memory Error (arena.cpp:168), pid=19176, tid=9356
#
# JRE version: OpenJDK Runtime Environment Temurin-21.0.6+7 (21.0.6+7) (build 21.0.6+7-LTS)
# Java VM: OpenJDK 64-Bit Server VM Temurin-21.0.6+7 (21.0.6+7-LTS, mixed mode, sharing, tiered, compressed oops, compressed class ptrs, g1 gc, windows-amd64)
# No core dump will be written. Minidumps are not enabled by default on client versions of Windows
#

---------------  S U M M A R Y ------------

Command Line: -Dfile.encoding=UTF-8 -Dstdout.encoding=UTF-8 -Dstderr.encoding=UTF-8 -XX:+ShowCodeDetailsInExceptionMessages presentation.POOBkemonGUI

Host: Intel(R) Core(TM) i7-7700HQ CPU @ 2.80GHz, 8 cores, 7G,  Windows 11 , 64 bit Build 22000 (10.0.22000.2538)
Time: Mon Apr 28 15:40:16 2025 Hora est. Pacífico, Sudamérica elapsed time: 214.828475 seconds (0d 0h 3m 34s)

---------------  T H R E A D  ---------------

Current thread (0x0000015a62b42640):  JavaThread "C2 CompilerThread0" daemon [_thread_in_native, id=9356, stack(0x00000028dad00000,0x00000028dae00000) (1024K)]


Current CompileTask:
C2:214828 3448       4       java.awt.EventQueue::dispatchEvent (80 bytes)

Stack: [0x00000028dad00000,0x00000028dae00000]
Native frames: (J=compiled Java code, j=interpreted, Vv=VM code, C=native code)
V  [jvm.dll+0x6cdee9]
V  [jvm.dll+0x8a83d1]
V  [jvm.dll+0x8aa8fe]
V  [jvm.dll+0x8aafe3]
V  [jvm.dll+0x27f706]
V  [jvm.dll+0xc500d]
V  [jvm.dll+0xc5543]
V  [jvm.dll+0x3b6752]
V  [jvm.dll+0x382935]
V  [jvm.dll+0x381d9a]
V  [jvm.dll+0x2479f0]
V  [jvm.dll+0x246fcf]
V  [jvm.dll+0x1c75ee]
V  [jvm.dll+0x25685a]
V  [jvm.dll+0x254dfa]
V  [jvm.dll+0x3f0256]
V  [jvm.dll+0x851f8b]
V  [jvm.dll+0x6cc5ed]
C  [ucrtbase.dll+0x26c0c]
C  [KERNEL32.DLL+0x153e0]
C  [ntdll.dll+0x485b]


---------------  P R O C E S S  ---------------

Threads class SMR info:
_java_thread_list=0x0000015a67e83cb0, length=19, elements={
0x0000015a62b2f970, 0x0000015a62b313d0, 0x0000015a62b330b0, 0x0000015a62b33b00,
0x0000015a62b34550, 0x0000015a62b384a0, 0x0000015a62b42640, 0x0000015a62b558a0,
0x0000015a62c89830, 0x0000015a62c922b0, 0x0000015a62e39580, 0x0000015a62e3a7f0,
0x0000015a62e3d670, 0x0000015a62e53630, 0x0000015a48a9e9e0, 0x0000015a62ead5c0,
0x0000015a67bc8e00, 0x0000015a67d1c4a0, 0x0000015a67afda50
}

Java Threads: ( => current thread )
  0x0000015a62b2f970 JavaThread "Reference Handler"          daemon [_thread_blocked, id=24148, stack(0x00000028da700000,0x00000028da800000) (1024K)]
  0x0000015a62b313d0 JavaThread "Finalizer"                  daemon [_thread_blocked, id=24236, stack(0x00000028da800000,0x00000028da900000) (1024K)]
  0x0000015a62b330b0 JavaThread "Signal Dispatcher"          daemon [_thread_blocked, id=3584, stack(0x00000028da900000,0x00000028daa00000) (1024K)]
  0x0000015a62b33b00 JavaThread "Attach Listener"            daemon [_thread_blocked, id=24368, stack(0x00000028daa00000,0x00000028dab00000) (1024K)]
  0x0000015a62b34550 JavaThread "Service Thread"             daemon [_thread_blocked, id=18116, stack(0x00000028dab00000,0x00000028dac00000) (1024K)]
  0x0000015a62b384a0 JavaThread "Monitor Deflation Thread"   daemon [_thread_blocked, id=17860, stack(0x00000028dac00000,0x00000028dad00000) (1024K)]
=>0x0000015a62b42640 JavaThread "C2 CompilerThread0"         daemon [_thread_in_native, id=9356, stack(0x00000028dad00000,0x00000028dae00000) (1024K)]
  0x0000015a62b558a0 JavaThread "C1 CompilerThread0"         daemon [_thread_blocked, id=23908, stack(0x00000028dae00000,0x00000028daf00000) (1024K)]
  0x0000015a62c89830 JavaThread "Notification Thread"        daemon [_thread_blocked, id=23644, stack(0x00000028daf00000,0x00000028db000000) (1024K)]
  0x0000015a62c922b0 JavaThread "Common-Cleaner"             daemon [_thread_blocked, id=20884, stack(0x00000028db000000,0x00000028db100000) (1024K)]
  0x0000015a62e39580 JavaThread "Java2D Disposer"            daemon [_thread_blocked, id=8500, stack(0x00000028db100000,0x00000028db200000) (1024K)]
  0x0000015a62e3a7f0 JavaThread "AWT-Shutdown"                      [_thread_blocked, id=7192, stack(0x00000028db200000,0x00000028db300000) (1024K)]
  0x0000015a62e3d670 JavaThread "AWT-Windows"                daemon [_thread_in_native, id=10772, stack(0x00000028db300000,0x00000028db400000) (1024K)]
  0x0000015a62e53630 JavaThread "AWT-EventQueue-0"                  [_thread_blocked, id=16408, stack(0x00000028db400000,0x00000028db500000) (1024K)]
  0x0000015a48a9e9e0 JavaThread "DestroyJavaVM"                     [_thread_blocked, id=24304, stack(0x00000028d9f00000,0x00000028da000000) (1024K)]
  0x0000015a62ead5c0 JavaThread "Image Animator 3"           daemon [_thread_in_vm, id=24112, stack(0x00000028db500000,0x00000028db600000) (1024K)]
  0x0000015a67bc8e00 JavaThread "TimerQueue"                 daemon [_thread_blocked, id=23988, stack(0x00000028db600000,0x00000028db700000) (1024K)]
  0x0000015a67d1c4a0 JavaThread "Image Animator 0"           daemon [_thread_in_Java, id=24008, stack(0x00000028db800000,0x00000028db900000) (1024K)]
  0x0000015a67afda50 JavaThread "Image Animator 3"           daemon [_thread_blocked, id=24880, stack(0x00000028de400000,0x00000028de500000) (1024K)]
Total: 19

Other Threads:
  0x0000015a62b11950 VMThread "VM Thread"                           [id=23072, stack(0x00000028da600000,0x00000028da700000) (1024K)]
  0x0000015a62b007e0 WatcherThread "VM Periodic Task Thread"        [id=12848, stack(0x00000028da500000,0x00000028da600000) (1024K)]
  0x0000015a4acedb00 WorkerThread "GC Thread#0"                     [id=24092, stack(0x00000028da000000,0x00000028da100000) (1024K)]
  0x0000015a6949da90 WorkerThread "GC Thread#1"                     [id=13744, stack(0x00000028db900000,0x00000028dba00000) (1024K)]
  0x0000015a67e66660 WorkerThread "GC Thread#2"                     [id=14312, stack(0x00000028dba00000,0x00000028dbb00000) (1024K)]
  0x0000015a67cd6050 WorkerThread "GC Thread#3"                     [id=24248, stack(0x00000028dbb00000,0x00000028dbc00000) (1024K)]
  0x0000015a67cd2490 WorkerThread "GC Thread#4"                     [id=10600, stack(0x00000028dbc00000,0x00000028dbd00000) (1024K)]
  0x0000015a67cd63f0 WorkerThread "GC Thread#5"                     [id=23616, stack(0x00000028dbd00000,0x00000028dbe00000) (1024K)]
  0x0000015a693e45c0 WorkerThread "GC Thread#6"                     [id=7656, stack(0x00000028dbe00000,0x00000028dbf00000) (1024K)]
  0x0000015a693e4960 WorkerThread "GC Thread#7"                     [id=24372, stack(0x00000028dbf00000,0x00000028dc000000) (1024K)]
  0x0000015a4acfef70 ConcurrentGCThread "G1 Main Marker"            [id=16720, stack(0x00000028da100000,0x00000028da200000) (1024K)]
  0x0000015a4ad00a80 WorkerThread "G1 Conc#0"                       [id=13704, stack(0x00000028da200000,0x00000028da300000) (1024K)]
  0x0000015a680a64d0 WorkerThread "G1 Conc#1"                       [id=24860, stack(0x00000028de300000,0x00000028de400000) (1024K)]
  0x0000015a4ad6e870 ConcurrentGCThread "G1 Refine#0"               [id=24428, stack(0x00000028da300000,0x00000028da400000) (1024K)]
  0x0000015a629c5a40 ConcurrentGCThread "G1 Service"                [id=5692, stack(0x00000028da400000,0x00000028da500000) (1024K)]
Total: 15

Threads with active compile tasks:
C2 CompilerThread0  214950 3448       4       java.awt.EventQueue::dispatchEvent (80 bytes)
Total: 1

VM state: not at safepoint (normal execution)

VM Mutex/Monitor currently owned by a thread: None

Heap address: 0x0000000081c00000, size: 2020 MB, Compressed Oops mode: 32-bit

CDS archive(s) mapped at: [0x0000015a00000000-0x0000015a00c80000-0x0000015a00c80000), size 13107200, SharedBaseAddress: 0x0000015a00000000, ArchiveRelocationMode: 1.
Compressed class space mapped at: 0x0000015a01000000-0x0000015a41000000, reserved size: 1073741824
Narrow klass base: 0x0000015a00000000, Narrow klass shift: 0, Narrow klass range: 0x100000000

GC Precious Log:
 CardTable entry size: 512
 Card Set container configuration: InlinePtr #cards 5 size 8 Array Of Cards #cards 12 size 40 Howl #buckets 4 coarsen threshold 1843 Howl Bitmap #cards 512 size 80 coarsen threshold 460 Card regions per heap region 1 cards per card region 2048
 CPUs: 8 total, 8 available
 Memory: 8075M
 Large Page Support: Disabled
 NUMA Support: Disabled
 Compressed Oops: Enabled (32-bit)
 Heap Region Size: 1M
 Heap Min Capacity: 8M
 Heap Initial Capacity: 128M
 Heap Max Capacity: 2020M
 Pre-touch: Disabled
 Parallel Workers: 8
 Concurrent Workers: 2
 Concurrent Refinement Workers: 8
 Periodic GC: Disabled

Heap:
 garbage-first heap   total 226304K, used 116160K [0x0000000081c00000, 0x0000000100000000)
  region size 1024K, 44 young (45056K), 1 survivors (1024K)
 Metaspace       used 12627K, committed 12928K, reserved 1114112K
  class space    used 1260K, committed 1408K, reserved 1048576K

Heap Regions: E=young(eden), S=young(survivor), O=old, HS=humongous(starts), HC=humongous(continues), CS=collection set, F=free, TAMS=top-at-mark-start, PB=parsable bottom
|   0|0x0000000081c00000, 0x0000000081d00000, 0x0000000081d00000|100%|HS|  |TAMS 0x0000000081c00000| PB 0x0000000081c00000| Complete 
|   1|0x0000000081d00000, 0x0000000081e00000, 0x0000000081e00000|100%|HS|  |TAMS 0x0000000081d00000| PB 0x0000000081d00000| Complete 
|   2|0x0000000081e00000, 0x0000000081f00000, 0x0000000081f00000|100%|HS|  |TAMS 0x0000000081e00000| PB 0x0000000081e00000| Complete 
|   3|0x0000000081f00000, 0x0000000082000000, 0x0000000082000000|100%|HC|  |TAMS 0x0000000081f00000| PB 0x0000000081f00000| Complete 
|   4|0x0000000082000000, 0x0000000082100000, 0x0000000082100000|100%|HS|  |TAMS 0x0000000082000000| PB 0x0000000082000000| Complete 
|   5|0x0000000082100000, 0x000000008216bb70, 0x0000000082200000| 42%| O|  |TAMS 0x0000000082100000| PB 0x0000000082100000| Untracked 
|   6|0x0000000082200000, 0x0000000082200000, 0x0000000082300000|  0%| F|  |TAMS 0x0000000082200000| PB 0x0000000082200000| Untracked 
|   7|0x0000000082300000, 0x0000000082300000, 0x0000000082400000|  0%| F|  |TAMS 0x0000000082300000| PB 0x0000000082300000| Untracked 
|   8|0x0000000082400000, 0x0000000082500000, 0x0000000082500000|100%| O|Cm|TAMS 0x0000000082400000| PB 0x0000000082400000| Complete 
|   9|0x0000000082500000, 0x0000000082600000, 0x0000000082600000|100%| O|  |TAMS 0x0000000082500000| PB 0x0000000082500000| Untracked 
|  10|0x0000000082600000, 0x0000000082700000, 0x0000000082700000|100%| O|  |TAMS 0x0000000082600000| PB 0x0000000082600000| Untracked 
|  11|0x0000000082700000, 0x0000000082800000, 0x0000000082800000|100%| O|  |TAMS 0x0000000082700000| PB 0x0000000082700000| Untracked 
|  12|0x0000000082800000, 0x0000000082900000, 0x0000000082900000|100%|HS|  |TAMS 0x0000000082800000| PB 0x0000000082800000| Complete 
|  13|0x0000000082900000, 0x0000000082a00000, 0x0000000082a00000|100%|HS|  |TAMS 0x0000000082900000| PB 0x0000000082900000| Complete 
|  14|0x0000000082a00000, 0x0000000082b00000, 0x0000000082b00000|100%|HS|  |TAMS 0x0000000082a00000| PB 0x0000000082a00000| Complete 
|  15|0x0000000082b00000, 0x0000000082c00000, 0x0000000082c00000|100%|HS|  |TAMS 0x0000000082b00000| PB 0x0000000082b00000| Complete 
|  16|0x0000000082c00000, 0x0000000082d00000, 0x0000000082d00000|100%|HS|  |TAMS 0x0000000082c00000| PB 0x0000000082c00000| Complete 
|  17|0x0000000082d00000, 0x0000000082e00000, 0x0000000082e00000|100%|HC|  |TAMS 0x0000000082d00000| PB 0x0000000082d00000| Complete 
|  18|0x0000000082e00000, 0x0000000082f00000, 0x0000000082f00000|100%| O|  |TAMS 0x0000000082e00000| PB 0x0000000082e00000| Untracked 
|  19|0x0000000082f00000, 0x0000000083000000, 0x0000000083000000|100%|HS|  |TAMS 0x0000000082f00000| PB 0x0000000082f00000| Complete 
|  20|0x0000000083000000, 0x0000000083100000, 0x0000000083100000|100%|HC|  |TAMS 0x0000000083000000| PB 0x0000000083000000| Complete 
|  21|0x0000000083100000, 0x0000000083200000, 0x0000000083200000|100%|HS|  |TAMS 0x0000000083100000| PB 0x0000000083100000| Complete 
|  22|0x0000000083200000, 0x0000000083300000, 0x0000000083300000|100%|HC|  |TAMS 0x0000000083200000| PB 0x0000000083200000| Complete 
|  23|0x0000000083300000, 0x0000000083400000, 0x0000000083400000|100%|HS|  |TAMS 0x0000000083300000| PB 0x0000000083300000| Complete 
|  24|0x0000000083400000, 0x0000000083500000, 0x0000000083500000|100%|HC|  |TAMS 0x0000000083400000| PB 0x0000000083400000| Complete 
|  25|0x0000000083500000, 0x0000000083600000, 0x0000000083600000|100%|HC|  |TAMS 0x0000000083500000| PB 0x0000000083500000| Complete 
|  26|0x0000000083600000, 0x0000000083700000, 0x0000000083700000|100%|HS|  |TAMS 0x0000000083600000| PB 0x0000000083600000| Complete 
|  27|0x0000000083700000, 0x0000000083800000, 0x0000000083800000|100%|HC|  |TAMS 0x0000000083700000| PB 0x0000000083700000| Complete 
|  28|0x0000000083800000, 0x0000000083900000, 0x0000000083900000|100%|HC|  |TAMS 0x0000000083800000| PB 0x0000000083800000| Complete 
|  29|0x0000000083900000, 0x0000000083900000, 0x0000000083a00000|  0%| F|  |TAMS 0x0000000083900000| PB 0x0000000083900000| Untracked 
|  30|0x0000000083a00000, 0x0000000083a00000, 0x0000000083b00000|  0%| F|  |TAMS 0x0000000083a00000| PB 0x0000000083a00000| Untracked 
|  31|0x0000000083b00000, 0x0000000083c00000, 0x0000000083c00000|100%| O|  |TAMS 0x0000000083b00000| PB 0x0000000083b00000| Untracked 
|  32|0x0000000083c00000, 0x0000000083d00000, 0x0000000083d00000|100%| O|  |TAMS 0x0000000083c00000| PB 0x0000000083c00000| Untracked 
|  33|0x0000000083d00000, 0x0000000083e00000, 0x0000000083e00000|100%|HS|  |TAMS 0x0000000083d00000| PB 0x0000000083d00000| Complete 
|  34|0x0000000083e00000, 0x0000000083f00000, 0x0000000083f00000|100%|HC|  |TAMS 0x0000000083e00000| PB 0x0000000083e00000| Complete 
|  35|0x0000000083f00000, 0x0000000084000000, 0x0000000084000000|100%|HS|  |TAMS 0x0000000083f00000| PB 0x0000000083f00000| Complete 
|  36|0x0000000084000000, 0x0000000084100000, 0x0000000084100000|100%|HS|  |TAMS 0x0000000084000000| PB 0x0000000084000000| Complete 
|  37|0x0000000084100000, 0x0000000084200000, 0x0000000084200000|100%|HS|  |TAMS 0x0000000084100000| PB 0x0000000084100000| Complete 
|  38|0x0000000084200000, 0x0000000084300000, 0x0000000084300000|100%|HS|  |TAMS 0x0000000084200000| PB 0x0000000084200000| Complete 
|  39|0x0000000084300000, 0x0000000084400000, 0x0000000084400000|100%|HC|  |TAMS 0x0000000084300000| PB 0x0000000084300000| Complete 
|  40|0x0000000084400000, 0x0000000084500000, 0x0000000084500000|100%|HS|  |TAMS 0x0000000084400000| PB 0x0000000084400000| Complete 
|  41|0x0000000084500000, 0x0000000084600000, 0x0000000084600000|100%|HS|  |TAMS 0x0000000084500000| PB 0x0000000084500000| Complete 
|  42|0x0000000084600000, 0x0000000084600000, 0x0000000084700000|  0%| F|  |TAMS 0x0000000084600000| PB 0x0000000084600000| Untracked 
|  43|0x0000000084700000, 0x0000000084700000, 0x0000000084800000|  0%| F|  |TAMS 0x0000000084700000| PB 0x0000000084700000| Untracked 
|  44|0x0000000084800000, 0x0000000084800000, 0x0000000084900000|  0%| F|  |TAMS 0x0000000084800000| PB 0x0000000084800000| Untracked 
|  45|0x0000000084900000, 0x0000000084900000, 0x0000000084a00000|  0%| F|  |TAMS 0x0000000084900000| PB 0x0000000084900000| Untracked 
|  46|0x0000000084a00000, 0x0000000084a00000, 0x0000000084b00000|  0%| F|  |TAMS 0x0000000084a00000| PB 0x0000000084a00000| Untracked 
|  47|0x0000000084b00000, 0x0000000084b00000, 0x0000000084c00000|  0%| F|  |TAMS 0x0000000084b00000| PB 0x0000000084b00000| Untracked 
|  48|0x0000000084c00000, 0x0000000084c00000, 0x0000000084d00000|  0%| F|  |TAMS 0x0000000084c00000| PB 0x0000000084c00000| Untracked 
|  49|0x0000000084d00000, 0x0000000084d00000, 0x0000000084e00000|  0%| F|  |TAMS 0x0000000084d00000| PB 0x0000000084d00000| Untracked 
|  50|0x0000000084e00000, 0x0000000084e00000, 0x0000000084f00000|  0%| F|  |TAMS 0x0000000084e00000| PB 0x0000000084e00000| Untracked 
|  51|0x0000000084f00000, 0x0000000084f00000, 0x0000000085000000|  0%| F|  |TAMS 0x0000000084f00000| PB 0x0000000084f00000| Untracked 
|  52|0x0000000085000000, 0x0000000085000000, 0x0000000085100000|  0%| F|  |TAMS 0x0000000085000000| PB 0x0000000085000000| Untracked 
|  53|0x0000000085100000, 0x0000000085100000, 0x0000000085200000|  0%| F|  |TAMS 0x0000000085100000| PB 0x0000000085100000| Untracked 
|  54|0x0000000085200000, 0x0000000085200000, 0x0000000085300000|  0%| F|  |TAMS 0x0000000085200000| PB 0x0000000085200000| Untracked 
|  55|0x0000000085300000, 0x0000000085400000, 0x0000000085400000|100%|HS|  |TAMS 0x0000000085300000| PB 0x0000000085300000| Complete 
|  56|0x0000000085400000, 0x0000000085500000, 0x0000000085500000|100%| O|  |TAMS 0x0000000085400000| PB 0x0000000085400000| Untracked 
|  57|0x0000000085500000, 0x0000000085600000, 0x0000000085600000|100%| O|  |TAMS 0x0000000085500000| PB 0x0000000085500000| Untracked 
|  58|0x0000000085600000, 0x0000000085700000, 0x0000000085700000|100%| O|  |TAMS 0x0000000085600000| PB 0x0000000085600000| Untracked 
|  59|0x0000000085700000, 0x0000000085800000, 0x0000000085800000|100%| O|  |TAMS 0x0000000085700000| PB 0x0000000085700000| Untracked 
|  60|0x0000000085800000, 0x0000000085800000, 0x0000000085900000|  0%| F|  |TAMS 0x0000000085800000| PB 0x0000000085800000| Untracked 
|  61|0x0000000085900000, 0x0000000085900000, 0x0000000085a00000|  0%| F|  |TAMS 0x0000000085900000| PB 0x0000000085900000| Untracked 
|  62|0x0000000085a00000, 0x0000000085a00000, 0x0000000085b00000|  0%| F|  |TAMS 0x0000000085a00000| PB 0x0000000085a00000| Untracked 
|  63|0x0000000085b00000, 0x0000000085b00000, 0x0000000085c00000|  0%| F|  |TAMS 0x0000000085b00000| PB 0x0000000085b00000| Untracked 
|  64|0x0000000085c00000, 0x0000000085c00000, 0x0000000085d00000|  0%| F|  |TAMS 0x0000000085c00000| PB 0x0000000085c00000| Untracked 
|  65|0x0000000085d00000, 0x0000000085e00000, 0x0000000085e00000|100%|HS|  |TAMS 0x0000000085d00000| PB 0x0000000085d00000| Complete 
|  66|0x0000000085e00000, 0x0000000085f00000, 0x0000000085f00000|100%|HC|  |TAMS 0x0000000085e00000| PB 0x0000000085e00000| Complete 
|  67|0x0000000085f00000, 0x0000000086000000, 0x0000000086000000|100%|HC|  |TAMS 0x0000000085f00000| PB 0x0000000085f00000| Complete 
|  68|0x0000000086000000, 0x0000000086100000, 0x0000000086100000|100%|HC|  |TAMS 0x0000000086000000| PB 0x0000000086000000| Complete 
|  69|0x0000000086100000, 0x0000000086200000, 0x0000000086200000|100%|HC|  |TAMS 0x0000000086100000| PB 0x0000000086100000| Complete 
|  70|0x0000000086200000, 0x0000000086300000, 0x0000000086300000|100%|HS|  |TAMS 0x0000000086200000| PB 0x0000000086200000| Complete 
|  71|0x0000000086300000, 0x0000000086400000, 0x0000000086400000|100%|HC|  |TAMS 0x0000000086300000| PB 0x0000000086300000| Complete 
|  72|0x0000000086400000, 0x0000000086500000, 0x0000000086500000|100%|HC|  |TAMS 0x0000000086400000| PB 0x0000000086400000| Complete 
|  73|0x0000000086500000, 0x0000000086600000, 0x0000000086600000|100%|HC|  |TAMS 0x0000000086500000| PB 0x0000000086500000| Complete 
|  74|0x0000000086600000, 0x0000000086600000, 0x0000000086700000|  0%| F|  |TAMS 0x0000000086600000| PB 0x0000000086600000| Untracked 
|  75|0x0000000086700000, 0x0000000086800000, 0x0000000086800000|100%|HS|  |TAMS 0x0000000086700000| PB 0x0000000086700000| Complete 
|  76|0x0000000086800000, 0x0000000086900000, 0x0000000086900000|100%|HC|  |TAMS 0x0000000086800000| PB 0x0000000086800000| Complete 
|  77|0x0000000086900000, 0x0000000086a00000, 0x0000000086a00000|100%|HC|  |TAMS 0x0000000086900000| PB 0x0000000086900000| Complete 
|  78|0x0000000086a00000, 0x0000000086a00000, 0x0000000086b00000|  0%| F|  |TAMS 0x0000000086a00000| PB 0x0000000086a00000| Untracked 
|  79|0x0000000086b00000, 0x0000000086b00000, 0x0000000086c00000|  0%| F|  |TAMS 0x0000000086b00000| PB 0x0000000086b00000| Untracked 
|  80|0x0000000086c00000, 0x0000000086c00000, 0x0000000086d00000|  0%| F|  |TAMS 0x0000000086c00000| PB 0x0000000086c00000| Untracked 
|  81|0x0000000086d00000, 0x0000000086d00000, 0x0000000086e00000|  0%| F|  |TAMS 0x0000000086d00000| PB 0x0000000086d00000| Untracked 
|  82|0x0000000086e00000, 0x0000000086e00000, 0x0000000086f00000|  0%| F|  |TAMS 0x0000000086e00000| PB 0x0000000086e00000| Untracked 
|  83|0x0000000086f00000, 0x0000000086f00000, 0x0000000087000000|  0%| F|  |TAMS 0x0000000086f00000| PB 0x0000000086f00000| Untracked 
|  84|0x0000000087000000, 0x0000000087000000, 0x0000000087100000|  0%| F|  |TAMS 0x0000000087000000| PB 0x0000000087000000| Untracked 
|  85|0x0000000087100000, 0x0000000087100000, 0x0000000087200000|  0%| F|  |TAMS 0x0000000087100000| PB 0x0000000087100000| Untracked 
|  86|0x0000000087200000, 0x0000000087200000, 0x0000000087300000|  0%| F|  |TAMS 0x0000000087200000| PB 0x0000000087200000| Untracked 
|  87|0x0000000087300000, 0x0000000087304598, 0x0000000087400000|  1%| S|CS|TAMS 0x0000000087300000| PB 0x0000000087300000| Complete 
|  88|0x0000000087400000, 0x0000000087400000, 0x0000000087500000|  0%| F|  |TAMS 0x0000000087400000| PB 0x0000000087400000| Untracked 
|  89|0x0000000087500000, 0x0000000087500000, 0x0000000087600000|  0%| F|  |TAMS 0x0000000087500000| PB 0x0000000087500000| Untracked 
|  90|0x0000000087600000, 0x0000000087600000, 0x0000000087700000|  0%| F|  |TAMS 0x0000000087600000| PB 0x0000000087600000| Untracked 
|  91|0x0000000087700000, 0x0000000087700000, 0x0000000087800000|  0%| F|  |TAMS 0x0000000087700000| PB 0x0000000087700000| Untracked 
|  92|0x0000000087800000, 0x0000000087800000, 0x0000000087900000|  0%| F|  |TAMS 0x0000000087800000| PB 0x0000000087800000| Untracked 
|  93|0x0000000087900000, 0x0000000087900000, 0x0000000087a00000|  0%| F|  |TAMS 0x0000000087900000| PB 0x0000000087900000| Untracked 
|  94|0x0000000087a00000, 0x0000000087a00000, 0x0000000087b00000|  0%| F|  |TAMS 0x0000000087a00000| PB 0x0000000087a00000| Untracked 
|  95|0x0000000087b00000, 0x0000000087b00000, 0x0000000087c00000|  0%| F|  |TAMS 0x0000000087b00000| PB 0x0000000087b00000| Untracked 
|  96|0x0000000087c00000, 0x0000000087c00000, 0x0000000087d00000|  0%| F|  |TAMS 0x0000000087c00000| PB 0x0000000087c00000| Untracked 
|  97|0x0000000087d00000, 0x0000000087e00000, 0x0000000087e00000|100%|HS|  |TAMS 0x0000000087d00000| PB 0x0000000087d00000| Complete 
|  98|0x0000000087e00000, 0x0000000087f00000, 0x0000000087f00000|100%|HC|  |TAMS 0x0000000087e00000| PB 0x0000000087e00000| Complete 
|  99|0x0000000087f00000, 0x0000000088000000, 0x0000000088000000|100%|HC|  |TAMS 0x0000000087f00000| PB 0x0000000087f00000| Complete 
| 100|0x0000000088000000, 0x0000000088100000, 0x0000000088100000|100%|HC|  |TAMS 0x0000000088000000| PB 0x0000000088000000| Complete 
| 101|0x0000000088100000, 0x0000000088200000, 0x0000000088200000|100%|HC|  |TAMS 0x0000000088100000| PB 0x0000000088100000| Complete 
| 102|0x0000000088200000, 0x0000000088300000, 0x0000000088300000|100%|HC|  |TAMS 0x0000000088200000| PB 0x0000000088200000| Complete 
| 103|0x0000000088300000, 0x0000000088400000, 0x0000000088400000|100%|HC|  |TAMS 0x0000000088300000| PB 0x0000000088300000| Complete 
| 104|0x0000000088400000, 0x0000000088500000, 0x0000000088500000|100%|HC|  |TAMS 0x0000000088400000| PB 0x0000000088400000| Complete 
| 105|0x0000000088500000, 0x0000000088600000, 0x0000000088600000|100%|HC|  |TAMS 0x0000000088500000| PB 0x0000000088500000| Complete 
| 106|0x0000000088600000, 0x0000000088700000, 0x0000000088700000|100%|HC|  |TAMS 0x0000000088600000| PB 0x0000000088600000| Complete 
| 107|0x0000000088700000, 0x0000000088800000, 0x0000000088800000|100%|HC|  |TAMS 0x0000000088700000| PB 0x0000000088700000| Complete 
| 108|0x0000000088800000, 0x0000000088900000, 0x0000000088900000|100%|HC|  |TAMS 0x0000000088800000| PB 0x0000000088800000| Complete 
| 109|0x0000000088900000, 0x0000000088a00000, 0x0000000088a00000|100%|HC|  |TAMS 0x0000000088900000| PB 0x0000000088900000| Complete 
| 110|0x0000000088a00000, 0x0000000088b00000, 0x0000000088b00000|100%|HC|  |TAMS 0x0000000088a00000| PB 0x0000000088a00000| Complete 
| 111|0x0000000088b00000, 0x0000000088c00000, 0x0000000088c00000|100%|HC|  |TAMS 0x0000000088b00000| PB 0x0000000088b00000| Complete 
| 112|0x0000000088c00000, 0x0000000088d00000, 0x0000000088d00000|100%|HC|  |TAMS 0x0000000088c00000| PB 0x0000000088c00000| Complete 
| 113|0x0000000088d00000, 0x0000000088e00000, 0x0000000088e00000|100%|HC|  |TAMS 0x0000000088d00000| PB 0x0000000088d00000| Complete 
| 114|0x0000000088e00000, 0x0000000088e00000, 0x0000000088f00000|  0%| F|  |TAMS 0x0000000088e00000| PB 0x0000000088e00000| Untracked 
| 115|0x0000000088f00000, 0x0000000088f00000, 0x0000000089000000|  0%| F|  |TAMS 0x0000000088f00000| PB 0x0000000088f00000| Untracked 
| 116|0x0000000089000000, 0x0000000089000000, 0x0000000089100000|  0%| F|  |TAMS 0x0000000089000000| PB 0x0000000089000000| Untracked 
| 117|0x0000000089100000, 0x0000000089100000, 0x0000000089200000|  0%| F|  |TAMS 0x0000000089100000| PB 0x0000000089100000| Untracked 
| 118|0x0000000089200000, 0x0000000089200000, 0x0000000089300000|  0%| F|  |TAMS 0x0000000089200000| PB 0x0000000089200000| Untracked 
| 119|0x0000000089300000, 0x0000000089300000, 0x0000000089400000|  0%| F|  |TAMS 0x0000000089300000| PB 0x0000000089300000| Untracked 
| 120|0x0000000089400000, 0x0000000089400000, 0x0000000089500000|  0%| F|  |TAMS 0x0000000089400000| PB 0x0000000089400000| Untracked 
| 121|0x0000000089500000, 0x0000000089500000, 0x0000000089600000|  0%| F|  |TAMS 0x0000000089500000| PB 0x0000000089500000| Untracked 
| 122|0x0000000089600000, 0x0000000089600000, 0x0000000089700000|  0%| F|  |TAMS 0x0000000089600000| PB 0x0000000089600000| Untracked 
| 123|0x0000000089700000, 0x0000000089700000, 0x0000000089800000|  0%| F|  |TAMS 0x0000000089700000| PB 0x0000000089700000| Untracked 
| 124|0x0000000089800000, 0x0000000089800000, 0x0000000089900000|  0%| F|  |TAMS 0x0000000089800000| PB 0x0000000089800000| Untracked 
| 125|0x0000000089900000, 0x0000000089900000, 0x0000000089a00000|  0%| F|  |TAMS 0x0000000089900000| PB 0x0000000089900000| Untracked 
| 126|0x0000000089a00000, 0x0000000089a00000, 0x0000000089b00000|  0%| F|  |TAMS 0x0000000089a00000| PB 0x0000000089a00000| Untracked 
| 127|0x0000000089b00000, 0x0000000089b00000, 0x0000000089c00000|  0%| F|  |TAMS 0x0000000089b00000| PB 0x0000000089b00000| Untracked 
| 128|0x0000000089c00000, 0x0000000089c00000, 0x0000000089d00000|  0%| F|  |TAMS 0x0000000089c00000| PB 0x0000000089c00000| Untracked 
| 129|0x0000000089d00000, 0x0000000089d00000, 0x0000000089e00000|  0%| F|  |TAMS 0x0000000089d00000| PB 0x0000000089d00000| Untracked 
| 130|0x0000000089e00000, 0x0000000089e00000, 0x0000000089f00000|  0%| F|  |TAMS 0x0000000089e00000| PB 0x0000000089e00000| Untracked 
| 131|0x0000000089f00000, 0x0000000089f00000, 0x000000008a000000|  0%| F|  |TAMS 0x0000000089f00000| PB 0x0000000089f00000| Untracked 
| 132|0x000000008a000000, 0x000000008a000000, 0x000000008a100000|  0%| F|  |TAMS 0x000000008a000000| PB 0x000000008a000000| Untracked 
| 133|0x000000008a100000, 0x000000008a100000, 0x000000008a200000|  0%| F|  |TAMS 0x000000008a100000| PB 0x000000008a100000| Untracked 
| 134|0x000000008a200000, 0x000000008a200000, 0x000000008a300000|  0%| F|  |TAMS 0x000000008a200000| PB 0x000000008a200000| Untracked 
| 135|0x000000008a300000, 0x000000008a300000, 0x000000008a400000|  0%| F|  |TAMS 0x000000008a300000| PB 0x000000008a300000| Untracked 
| 136|0x000000008a400000, 0x000000008a400000, 0x000000008a500000|  0%| F|  |TAMS 0x000000008a400000| PB 0x000000008a400000| Untracked 
| 137|0x000000008a500000, 0x000000008a500000, 0x000000008a600000|  0%| F|  |TAMS 0x000000008a500000| PB 0x000000008a500000| Untracked 
| 138|0x000000008a600000, 0x000000008a600000, 0x000000008a700000|  0%| F|  |TAMS 0x000000008a600000| PB 0x000000008a600000| Untracked 
| 139|0x000000008a700000, 0x000000008a700000, 0x000000008a800000|  0%| F|  |TAMS 0x000000008a700000| PB 0x000000008a700000| Untracked 
| 140|0x000000008a800000, 0x000000008a800000, 0x000000008a900000|  0%| F|  |TAMS 0x000000008a800000| PB 0x000000008a800000| Untracked 
| 141|0x000000008a900000, 0x000000008a900000, 0x000000008aa00000|  0%| F|  |TAMS 0x000000008a900000| PB 0x000000008a900000| Untracked 
| 142|0x000000008aa00000, 0x000000008aa00000, 0x000000008ab00000|  0%| F|  |TAMS 0x000000008aa00000| PB 0x000000008aa00000| Untracked 
| 143|0x000000008ab00000, 0x000000008ab00000, 0x000000008ac00000|  0%| F|  |TAMS 0x000000008ab00000| PB 0x000000008ab00000| Untracked 
| 144|0x000000008ac00000, 0x000000008ac00000, 0x000000008ad00000|  0%| F|  |TAMS 0x000000008ac00000| PB 0x000000008ac00000| Untracked 
| 145|0x000000008ad00000, 0x000000008ad00000, 0x000000008ae00000|  0%| F|  |TAMS 0x000000008ad00000| PB 0x000000008ad00000| Untracked 
| 146|0x000000008ae00000, 0x000000008ae00000, 0x000000008af00000|  0%| F|  |TAMS 0x000000008ae00000| PB 0x000000008ae00000| Untracked 
| 147|0x000000008af00000, 0x000000008af00000, 0x000000008b000000|  0%| F|  |TAMS 0x000000008af00000| PB 0x000000008af00000| Untracked 
| 148|0x000000008b000000, 0x000000008b000000, 0x000000008b100000|  0%| F|  |TAMS 0x000000008b000000| PB 0x000000008b000000| Untracked 
| 149|0x000000008b100000, 0x000000008b100000, 0x000000008b200000|  0%| F|  |TAMS 0x000000008b100000| PB 0x000000008b100000| Untracked 
| 150|0x000000008b200000, 0x000000008b200000, 0x000000008b300000|  0%| F|  |TAMS 0x000000008b200000| PB 0x000000008b200000| Untracked 
| 151|0x000000008b300000, 0x000000008b300000, 0x000000008b400000|  0%| F|  |TAMS 0x000000008b300000| PB 0x000000008b300000| Untracked 
| 152|0x000000008b400000, 0x000000008b400000, 0x000000008b500000|  0%| F|  |TAMS 0x000000008b400000| PB 0x000000008b400000| Untracked 
| 153|0x000000008b500000, 0x000000008b500000, 0x000000008b600000|  0%| F|  |TAMS 0x000000008b500000| PB 0x000000008b500000| Untracked 
| 154|0x000000008b600000, 0x000000008b600000, 0x000000008b700000|  0%| F|  |TAMS 0x000000008b600000| PB 0x000000008b600000| Untracked 
| 155|0x000000008b700000, 0x000000008b700000, 0x000000008b800000|  0%| F|  |TAMS 0x000000008b700000| PB 0x000000008b700000| Untracked 
| 156|0x000000008b800000, 0x000000008b800000, 0x000000008b900000|  0%| F|  |TAMS 0x000000008b800000| PB 0x000000008b800000| Untracked 
| 157|0x000000008b900000, 0x000000008b900000, 0x000000008ba00000|  0%| F|  |TAMS 0x000000008b900000| PB 0x000000008b900000| Untracked 
| 158|0x000000008ba00000, 0x000000008ba00000, 0x000000008bb00000|  0%| F|  |TAMS 0x000000008ba00000| PB 0x000000008ba00000| Untracked 
| 159|0x000000008bb00000, 0x000000008bb00000, 0x000000008bc00000|  0%| F|  |TAMS 0x000000008bb00000| PB 0x000000008bb00000| Untracked 
| 160|0x000000008bc00000, 0x000000008bc00000, 0x000000008bd00000|  0%| F|  |TAMS 0x000000008bc00000| PB 0x000000008bc00000| Untracked 
| 161|0x000000008bd00000, 0x000000008bd00000, 0x000000008be00000|  0%| F|  |TAMS 0x000000008bd00000| PB 0x000000008bd00000| Untracked 
| 162|0x000000008be00000, 0x000000008be00000, 0x000000008bf00000|  0%| F|  |TAMS 0x000000008be00000| PB 0x000000008be00000| Untracked 
| 163|0x000000008bf00000, 0x000000008bf00000, 0x000000008c000000|  0%| F|  |TAMS 0x000000008bf00000| PB 0x000000008bf00000| Untracked 
| 164|0x000000008c000000, 0x000000008c000000, 0x000000008c100000|  0%| F|  |TAMS 0x000000008c000000| PB 0x000000008c000000| Untracked 
| 165|0x000000008c100000, 0x000000008c100000, 0x000000008c200000|  0%| F|  |TAMS 0x000000008c100000| PB 0x000000008c100000| Untracked 
| 166|0x000000008c200000, 0x000000008c200000, 0x000000008c300000|  0%| F|  |TAMS 0x000000008c200000| PB 0x000000008c200000| Untracked 
| 167|0x000000008c300000, 0x000000008c300000, 0x000000008c400000|  0%| F|  |TAMS 0x000000008c300000| PB 0x000000008c300000| Untracked 
| 168|0x000000008c400000, 0x000000008c400000, 0x000000008c500000|  0%| F|  |TAMS 0x000000008c400000| PB 0x000000008c400000| Untracked 
| 169|0x000000008c500000, 0x000000008c500000, 0x000000008c600000|  0%| F|  |TAMS 0x000000008c500000| PB 0x000000008c500000| Untracked 
| 170|0x000000008c600000, 0x000000008c600000, 0x000000008c700000|  0%| F|  |TAMS 0x000000008c600000| PB 0x000000008c600000| Untracked 
| 171|0x000000008c700000, 0x000000008c700000, 0x000000008c800000|  0%| F|  |TAMS 0x000000008c700000| PB 0x000000008c700000| Untracked 
| 172|0x000000008c800000, 0x000000008c800000, 0x000000008c900000|  0%| F|  |TAMS 0x000000008c800000| PB 0x000000008c800000| Untracked 
| 173|0x000000008c900000, 0x000000008c900000, 0x000000008ca00000|  0%| F|  |TAMS 0x000000008c900000| PB 0x000000008c900000| Untracked 
| 174|0x000000008ca00000, 0x000000008ca00000, 0x000000008cb00000|  0%| F|  |TAMS 0x000000008ca00000| PB 0x000000008ca00000| Untracked 
| 175|0x000000008cb00000, 0x000000008cb00000, 0x000000008cc00000|  0%| F|  |TAMS 0x000000008cb00000| PB 0x000000008cb00000| Untracked 
| 176|0x000000008cc00000, 0x000000008cc00000, 0x000000008cd00000|  0%| F|  |TAMS 0x000000008cc00000| PB 0x000000008cc00000| Untracked 
| 177|0x000000008cd00000, 0x000000008cd00000, 0x000000008ce00000|  0%| F|  |TAMS 0x000000008cd00000| PB 0x000000008cd00000| Untracked 
| 178|0x000000008ce00000, 0x000000008ce014d8, 0x000000008cf00000|  0%| E|  |TAMS 0x000000008ce00000| PB 0x000000008ce00000| Complete 
| 179|0x000000008cf00000, 0x000000008d000000, 0x000000008d000000|100%| E|CS|TAMS 0x000000008cf00000| PB 0x000000008cf00000| Complete 
| 180|0x000000008d000000, 0x000000008d100000, 0x000000008d100000|100%| E|CS|TAMS 0x000000008d000000| PB 0x000000008d000000| Complete 
| 181|0x000000008d100000, 0x000000008d200000, 0x000000008d200000|100%| E|CS|TAMS 0x000000008d100000| PB 0x000000008d100000| Complete 
| 182|0x000000008d200000, 0x000000008d300000, 0x000000008d300000|100%| E|CS|TAMS 0x000000008d200000| PB 0x000000008d200000| Complete 
| 183|0x000000008d300000, 0x000000008d400000, 0x000000008d400000|100%| E|CS|TAMS 0x000000008d300000| PB 0x000000008d300000| Complete 
| 184|0x000000008d400000, 0x000000008d500000, 0x000000008d500000|100%| E|CS|TAMS 0x000000008d400000| PB 0x000000008d400000| Complete 
| 185|0x000000008d500000, 0x000000008d600000, 0x000000008d600000|100%| E|CS|TAMS 0x000000008d500000| PB 0x000000008d500000| Complete 
| 186|0x000000008d600000, 0x000000008d700000, 0x000000008d700000|100%| E|CS|TAMS 0x000000008d600000| PB 0x000000008d600000| Complete 
| 187|0x000000008d700000, 0x000000008d800000, 0x000000008d800000|100%| E|CS|TAMS 0x000000008d700000| PB 0x000000008d700000| Complete 
| 188|0x000000008d800000, 0x000000008d900000, 0x000000008d900000|100%| E|CS|TAMS 0x000000008d800000| PB 0x000000008d800000| Complete 
| 189|0x000000008d900000, 0x000000008da00000, 0x000000008da00000|100%| E|CS|TAMS 0x000000008d900000| PB 0x000000008d900000| Complete 
| 190|0x000000008da00000, 0x000000008db00000, 0x000000008db00000|100%| E|CS|TAMS 0x000000008da00000| PB 0x000000008da00000| Complete 
| 191|0x000000008db00000, 0x000000008dc00000, 0x000000008dc00000|100%| E|CS|TAMS 0x000000008db00000| PB 0x000000008db00000| Complete 
| 192|0x000000008dc00000, 0x000000008dd00000, 0x000000008dd00000|100%| E|CS|TAMS 0x000000008dc00000| PB 0x000000008dc00000| Complete 
| 193|0x000000008dd00000, 0x000000008de00000, 0x000000008de00000|100%| E|CS|TAMS 0x000000008dd00000| PB 0x000000008dd00000| Complete 
| 194|0x000000008de00000, 0x000000008df00000, 0x000000008df00000|100%| E|CS|TAMS 0x000000008de00000| PB 0x000000008de00000| Complete 
| 195|0x000000008df00000, 0x000000008e000000, 0x000000008e000000|100%| E|CS|TAMS 0x000000008df00000| PB 0x000000008df00000| Complete 
| 196|0x000000008e000000, 0x000000008e100000, 0x000000008e100000|100%| E|CS|TAMS 0x000000008e000000| PB 0x000000008e000000| Complete 
| 197|0x000000008e100000, 0x000000008e200000, 0x000000008e200000|100%| E|CS|TAMS 0x000000008e100000| PB 0x000000008e100000| Complete 
| 198|0x000000008e200000, 0x000000008e300000, 0x000000008e300000|100%| E|CS|TAMS 0x000000008e200000| PB 0x000000008e200000| Complete 
| 199|0x000000008e300000, 0x000000008e400000, 0x000000008e400000|100%| E|CS|TAMS 0x000000008e300000| PB 0x000000008e300000| Complete 
| 200|0x000000008e400000, 0x000000008e500000, 0x000000008e500000|100%| E|CS|TAMS 0x000000008e400000| PB 0x000000008e400000| Complete 
| 201|0x000000008e500000, 0x000000008e600000, 0x000000008e600000|100%| E|CS|TAMS 0x000000008e500000| PB 0x000000008e500000| Complete 
| 202|0x000000008e600000, 0x000000008e700000, 0x000000008e700000|100%| E|CS|TAMS 0x000000008e600000| PB 0x000000008e600000| Complete 
| 203|0x000000008e700000, 0x000000008e800000, 0x000000008e800000|100%| E|CS|TAMS 0x000000008e700000| PB 0x000000008e700000| Complete 
| 204|0x000000008e800000, 0x000000008e900000, 0x000000008e900000|100%| E|CS|TAMS 0x000000008e800000| PB 0x000000008e800000| Complete 
| 205|0x000000008e900000, 0x000000008ea00000, 0x000000008ea00000|100%| E|CS|TAMS 0x000000008e900000| PB 0x000000008e900000| Complete 
| 206|0x000000008ea00000, 0x000000008eb00000, 0x000000008eb00000|100%| E|CS|TAMS 0x000000008ea00000| PB 0x000000008ea00000| Complete 
| 207|0x000000008eb00000, 0x000000008ec00000, 0x000000008ec00000|100%| E|CS|TAMS 0x000000008eb00000| PB 0x000000008eb00000| Complete 
| 208|0x000000008ec00000, 0x000000008ed00000, 0x000000008ed00000|100%| E|CS|TAMS 0x000000008ec00000| PB 0x000000008ec00000| Complete 
| 209|0x000000008ed00000, 0x000000008ee00000, 0x000000008ee00000|100%| E|CS|TAMS 0x000000008ed00000| PB 0x000000008ed00000| Complete 
| 210|0x000000008ee00000, 0x000000008ef00000, 0x000000008ef00000|100%| E|CS|TAMS 0x000000008ee00000| PB 0x000000008ee00000| Complete 
| 211|0x000000008ef00000, 0x000000008f000000, 0x000000008f000000|100%| E|CS|TAMS 0x000000008ef00000| PB 0x000000008ef00000| Complete 
| 212|0x000000008f000000, 0x000000008f100000, 0x000000008f100000|100%| E|CS|TAMS 0x000000008f000000| PB 0x000000008f000000| Complete 
| 213|0x000000008f100000, 0x000000008f200000, 0x000000008f200000|100%| E|CS|TAMS 0x000000008f100000| PB 0x000000008f100000| Complete 
| 214|0x000000008f200000, 0x000000008f300000, 0x000000008f300000|100%| E|CS|TAMS 0x000000008f200000| PB 0x000000008f200000| Complete 
| 215|0x000000008f300000, 0x000000008f400000, 0x000000008f400000|100%| E|CS|TAMS 0x000000008f300000| PB 0x000000008f300000| Complete 
| 216|0x000000008f400000, 0x000000008f500000, 0x000000008f500000|100%| E|CS|TAMS 0x000000008f400000| PB 0x000000008f400000| Complete 
| 217|0x000000008f500000, 0x000000008f600000, 0x000000008f600000|100%| E|CS|TAMS 0x000000008f500000| PB 0x000000008f500000| Complete 
| 218|0x000000008f600000, 0x000000008f700000, 0x000000008f700000|100%| E|CS|TAMS 0x000000008f600000| PB 0x000000008f600000| Complete 
| 219|0x000000008f700000, 0x000000008f800000, 0x000000008f800000|100%| E|CS|TAMS 0x000000008f700000| PB 0x000000008f700000| Complete 
| 220|0x000000008f800000, 0x000000008f900000, 0x000000008f900000|100%| E|CS|TAMS 0x000000008f800000| PB 0x000000008f800000| Complete 

Card table byte_map: [0x0000015a5dd70000,0x0000015a5e170000] _byte_map_base: 0x0000015a5d962000

Marking Bits: (CMBitMap*) 0x0000015a4acee200
 Bits: [0x0000015a5e170000, 0x0000015a60100000)

Polling page: 0x0000015a48cb0000

Metaspace:

Usage:
  Non-class:     11.10 MB used.
      Class:      1.23 MB used.
       Both:     12.33 MB used.

Virtual space:
  Non-class space:       64.00 MB reserved,      11.25 MB ( 18%) committed,  1 nodes.
      Class space:        1.00 GB reserved,       1.38 MB ( <1%) committed,  1 nodes.
             Both:        1.06 GB reserved,      12.62 MB (  1%) committed. 

Chunk freelists:
   Non-Class:  4.50 MB
       Class:  14.60 MB
        Both:  19.10 MB

MaxMetaspaceSize: unlimited
CompressedClassSpaceSize: 1.00 GB
Initial GC threshold: 21.00 MB
Current GC threshold: 21.00 MB
CDS: on
 - commit_granule_bytes: 65536.
 - commit_granule_words: 8192.
 - virtual_space_node_default_size: 8388608.
 - enlarge_chunks_in_place: 1.
 - use_allocation_guard: 0.


Internal statistics:

num_allocs_failed_limit: 0.
num_arena_births: 186.
num_arena_deaths: 0.
num_vsnodes_births: 2.
num_vsnodes_deaths: 0.
num_space_committed: 202.
num_space_uncommitted: 0.
num_chunks_returned_to_freelist: 0.
num_chunks_taken_from_freelist: 264.
num_chunk_merges: 0.
num_chunk_splits: 152.
num_chunks_enlarged: 71.
num_inconsistent_stats: 0.

CodeHeap 'non-profiled nmethods': size=120000Kb used=1545Kb max_used=2088Kb free=118454Kb
 bounds [0x0000015a56110000, 0x0000015a56380000, 0x0000015a5d640000]
CodeHeap 'profiled nmethods': size=120000Kb used=5152Kb max_used=6355Kb free=114847Kb
 bounds [0x0000015a4e640000, 0x0000015a4ec80000, 0x0000015a55b70000]
CodeHeap 'non-nmethods': size=5760Kb used=1616Kb max_used=1660Kb free=4143Kb
 bounds [0x0000015a55b70000, 0x0000015a55de0000, 0x0000015a56110000]
 total_blobs=3580 nmethods=2910 adapters=573
 compilation: enabled
              stopped_count=0, restarted_count=0
 full_count=0

Compilation events (20 events):
Event: 57.624 Thread 0x0000015a62b42640 nmethod 3438 0x0000015a5613f590 code [0x0000015a5613f720, 0x0000015a5613f890]
Event: 57.834 Thread 0x0000015a62b42640 3439       4       java.util.concurrent.locks.AbstractQueuedSynchronizer::casTail (13 bytes)
Event: 57.835 Thread 0x0000015a62b42640 nmethod 3439 0x0000015a56297110 code [0x0000015a562972a0, 0x0000015a56297430]
Event: 69.049 Thread 0x0000015a62b42640 3440       4       java.security.AccessControlContext::<init> (63 bytes)
Event: 69.059 Thread 0x0000015a62b42640 nmethod 3440 0x0000015a56233e10 code [0x0000015a56233fa0, 0x0000015a562342b8]
Event: 124.996 Thread 0x0000015a62b42640 3441       4       java.util.concurrent.locks.ReentrantLock$NonfairSync::tryAcquire (27 bytes)
Event: 125.014 Thread 0x0000015a62b42640 nmethod 3441 0x0000015a56233a90 code [0x0000015a56233c20, 0x0000015a56233dc0]
Event: 129.360 Thread 0x0000015a62b42640 3442       4       java.util.concurrent.locks.LockSupport::setCurrentBlocker (14 bytes)
Event: 129.364 Thread 0x0000015a62b42640 nmethod 3442 0x0000015a56296c90 code [0x0000015a56296e20, 0x0000015a56296f70]
Event: 146.258 Thread 0x0000015a62b42640 3443   !   4       java.util.concurrent.locks.AbstractQueuedSynchronizer::acquire (424 bytes)
Event: 146.309 Thread 0x0000015a62b42640 nmethod 3443 0x0000015a56184090 code [0x0000015a561842e0, 0x0000015a56185248]
Event: 151.234 Thread 0x0000015a62b42640 3444   !   4       java.util.concurrent.locks.AbstractQueuedSynchronizer$ConditionObject::newConditionNode (78 bytes)
Event: 151.242 Thread 0x0000015a62b42640 nmethod 3444 0x0000015a56183910 code [0x0000015a56183ae0, 0x0000015a56183d68]
Event: 153.878 Thread 0x0000015a62b42640 3445       4       java.util.concurrent.locks.AbstractQueuedSynchronizer$ConditionObject::enableWait (84 bytes)
Event: 153.898 Thread 0x0000015a62b42640 nmethod 3445 0x0000015a56158f10 code [0x0000015a56159100, 0x0000015a56159720]
Event: 172.735 Thread 0x0000015a62b42640 3446       4       java.util.HashSet::add (20 bytes)
Event: 172.766 Thread 0x0000015a62b42640 nmethod 3446 0x0000015a56158a90 code [0x0000015a56158c20, 0x0000015a56158db0]
Event: 199.766 Thread 0x0000015a62b42640 3447   !   4       java.awt.EventQueue::setCurrentEventAndMostRecentTimeImpl (191 bytes)
Event: 199.913 Thread 0x0000015a62b42640 nmethod 3447 0x0000015a56166c90 code [0x0000015a56166ec0, 0x0000015a561677b0]
Event: 214.703 Thread 0x0000015a62b42640 3448       4       java.awt.EventQueue::dispatchEvent (80 bytes)

GC Heap History (20 events):
Event: 84.146 GC heap before
{Heap before GC invocations=48 (full 0):
 garbage-first heap   total 188416K, used 176053K [0x0000000081c00000, 0x0000000100000000)
  region size 1024K, 101 young (103424K), 1 survivors (1024K)
 Metaspace       used 12627K, committed 12928K, reserved 1114112K
  class space    used 1260K, committed 1408K, reserved 1048576K
}
Event: 84.147 GC heap after
{Heap after GC invocations=49 (full 0):
 garbage-first heap   total 188416K, used 73653K [0x0000000081c00000, 0x0000000100000000)
  region size 1024K, 1 young (1024K), 1 survivors (1024K)
 Metaspace       used 12627K, committed 12928K, reserved 1114112K
  class space    used 1260K, committed 1408K, reserved 1048576K
}
Event: 89.299 GC heap before
{Heap before GC invocations=50 (full 0):
 garbage-first heap   total 188416K, used 179125K [0x0000000081c00000, 0x0000000100000000)
  region size 1024K, 101 young (103424K), 1 survivors (1024K)
 Metaspace       used 12627K, committed 12928K, reserved 1114112K
  class space    used 1260K, committed 1408K, reserved 1048576K
}
Event: 89.303 GC heap after
{Heap after GC invocations=51 (full 0):
 garbage-first heap   total 226304K, used 73655K [0x0000000081c00000, 0x0000000100000000)
  region size 1024K, 1 young (1024K), 1 survivors (1024K)
 Metaspace       used 12627K, committed 12928K, reserved 1114112K
  class space    used 1260K, committed 1408K, reserved 1048576K
}
Event: 93.911 GC heap before
{Heap before GC invocations=51 (full 0):
 garbage-first heap   total 226304K, used 208823K [0x0000000081c00000, 0x0000000100000000)
  region size 1024K, 132 young (135168K), 1 survivors (1024K)
 Metaspace       used 12627K, committed 12928K, reserved 1114112K
  class space    used 1260K, committed 1408K, reserved 1048576K
}
Event: 93.917 GC heap after
{Heap after GC invocations=52 (full 0):
 garbage-first heap   total 226304K, used 73599K [0x0000000081c00000, 0x0000000100000000)
  region size 1024K, 1 young (1024K), 1 survivors (1024K)
 Metaspace       used 12627K, committed 12928K, reserved 1114112K
  class space    used 1260K, committed 1408K, reserved 1048576K
}
Event: 98.516 GC heap before
{Heap before GC invocations=52 (full 0):
 garbage-first heap   total 226304K, used 207743K [0x0000000081c00000, 0x0000000100000000)
  region size 1024K, 133 young (136192K), 1 survivors (1024K)
 Metaspace       used 12627K, committed 12928K, reserved 1114112K
  class space    used 1260K, committed 1408K, reserved 1048576K
}
Event: 98.518 GC heap after
{Heap after GC invocations=53 (full 0):
 garbage-first heap   total 226304K, used 73601K [0x0000000081c00000, 0x0000000100000000)
  region size 1024K, 1 young (1024K), 1 survivors (1024K)
 Metaspace       used 12627K, committed 12928K, reserved 1114112K
  class space    used 1260K, committed 1408K, reserved 1048576K
}
Event: 107.179 GC heap before
{Heap before GC invocations=54 (full 0):
 garbage-first heap   total 226304K, used 208769K [0x0000000081c00000, 0x0000000100000000)
  region size 1024K, 132 young (135168K), 1 survivors (1024K)
 Metaspace       used 12627K, committed 12928K, reserved 1114112K
  class space    used 1260K, committed 1408K, reserved 1048576K
}
Event: 107.180 GC heap after
{Heap after GC invocations=55 (full 0):
 garbage-first heap   total 226304K, used 73604K [0x0000000081c00000, 0x0000000100000000)
  region size 1024K, 1 young (1024K), 1 survivors (1024K)
 Metaspace       used 12627K, committed 12928K, reserved 1114112K
  class space    used 1260K, committed 1408K, reserved 1048576K
}
Event: 116.894 GC heap before
{Heap before GC invocations=55 (full 0):
 garbage-first heap   total 226304K, used 208772K [0x0000000081c00000, 0x0000000100000000)
  region size 1024K, 132 young (135168K), 1 survivors (1024K)
 Metaspace       used 12627K, committed 12928K, reserved 1114112K
  class space    used 1260K, committed 1408K, reserved 1048576K
}
Event: 116.953 GC heap after
{Heap after GC invocations=56 (full 0):
 garbage-first heap   total 226304K, used 72868K [0x0000000081c00000, 0x0000000100000000)
  region size 1024K, 1 young (1024K), 1 survivors (1024K)
 Metaspace       used 12627K, committed 12928K, reserved 1114112K
  class space    used 1260K, committed 1408K, reserved 1048576K
}
Event: 126.453 GC heap before
{Heap before GC invocations=56 (full 0):
 garbage-first heap   total 226304K, used 207012K [0x0000000081c00000, 0x0000000100000000)
  region size 1024K, 132 young (135168K), 1 survivors (1024K)
 Metaspace       used 12627K, committed 12928K, reserved 1114112K
  class space    used 1260K, committed 1408K, reserved 1048576K
}
Event: 126.456 GC heap after
{Heap after GC invocations=57 (full 0):
 garbage-first heap   total 226304K, used 72870K [0x0000000081c00000, 0x0000000100000000)
  region size 1024K, 1 young (1024K), 1 survivors (1024K)
 Metaspace       used 12627K, committed 12928K, reserved 1114112K
  class space    used 1260K, committed 1408K, reserved 1048576K
}
Event: 141.680 GC heap before
{Heap before GC invocations=58 (full 0):
 garbage-first heap   total 226304K, used 209062K [0x0000000081c00000, 0x0000000100000000)
  region size 1024K, 132 young (135168K), 1 survivors (1024K)
 Metaspace       used 12627K, committed 12928K, reserved 1114112K
  class space    used 1260K, committed 1408K, reserved 1048576K
}
Event: 141.690 GC heap after
{Heap after GC invocations=59 (full 0):
 garbage-first heap   total 226304K, used 72870K [0x0000000081c00000, 0x0000000100000000)
  region size 1024K, 1 young (1024K), 1 survivors (1024K)
 Metaspace       used 12627K, committed 12928K, reserved 1114112K
  class space    used 1260K, committed 1408K, reserved 1048576K
}
Event: 158.029 GC heap before
{Heap before GC invocations=59 (full 0):
 garbage-first heap   total 226304K, used 208038K [0x0000000081c00000, 0x0000000100000000)
  region size 1024K, 132 young (135168K), 1 survivors (1024K)
 Metaspace       used 12627K, committed 12928K, reserved 1114112K
  class space    used 1260K, committed 1408K, reserved 1048576K
}
Event: 158.054 GC heap after
{Heap after GC invocations=60 (full 0):
 garbage-first heap   total 226304K, used 73148K [0x0000000081c00000, 0x0000000100000000)
  region size 1024K, 1 young (1024K), 1 survivors (1024K)
 Metaspace       used 12627K, committed 12928K, reserved 1114112K
  class space    used 1260K, committed 1408K, reserved 1048576K
}
Event: 205.557 GC heap before
{Heap before GC invocations=60 (full 0):
 garbage-first heap   total 226304K, used 190908K [0x0000000081c00000, 0x0000000100000000)
  region size 1024K, 117 young (119808K), 1 survivors (1024K)
 Metaspace       used 12627K, committed 12928K, reserved 1114112K
  class space    used 1260K, committed 1408K, reserved 1048576K
}
Event: 205.626 GC heap after
{Heap after GC invocations=61 (full 0):
 garbage-first heap   total 226304K, used 72128K [0x0000000081c00000, 0x0000000100000000)
  region size 1024K, 1 young (1024K), 1 survivors (1024K)
 Metaspace       used 12627K, committed 12928K, reserved 1114112K
  class space    used 1260K, committed 1408K, reserved 1048576K
}

Dll operation events (10 events):
Event: 0.047 Loaded shared library C:\Users\Tomas Ramires\.p2\pool\plugins\org.eclipse.justj.openjdk.hotspot.jre.full.win32.x86_64_21.0.6.v20250130-0529\jre\bin\java.dll
Event: 0.152 Loaded shared library C:\Users\Tomas Ramires\.p2\pool\plugins\org.eclipse.justj.openjdk.hotspot.jre.full.win32.x86_64_21.0.6.v20250130-0529\jre\bin\zip.dll
Event: 0.266 Loaded shared library C:\Users\Tomas Ramires\.p2\pool\plugins\org.eclipse.justj.openjdk.hotspot.jre.full.win32.x86_64_21.0.6.v20250130-0529\jre\bin\jimage.dll
Event: 0.288 Loaded shared library C:\Users\Tomas Ramires\.p2\pool\plugins\org.eclipse.justj.openjdk.hotspot.jre.full.win32.x86_64_21.0.6.v20250130-0529\jre\bin\awt.dll
Event: 0.724 Loaded shared library C:\Users\Tomas Ramires\.p2\pool\plugins\org.eclipse.justj.openjdk.hotspot.jre.full.win32.x86_64_21.0.6.v20250130-0529\jre\bin\zip.dll
Event: 1.035 Loaded shared library C:\Users\Tomas Ramires\.p2\pool\plugins\org.eclipse.justj.openjdk.hotspot.jre.full.win32.x86_64_21.0.6.v20250130-0529\jre\bin\net.dll
Event: 1.058 Loaded shared library C:\Users\Tomas Ramires\.p2\pool\plugins\org.eclipse.justj.openjdk.hotspot.jre.full.win32.x86_64_21.0.6.v20250130-0529\jre\bin\nio.dll
Event: 1.401 Loaded shared library C:\Users\Tomas Ramires\.p2\pool\plugins\org.eclipse.justj.openjdk.hotspot.jre.full.win32.x86_64_21.0.6.v20250130-0529\jre\bin\freetype.dll
Event: 1.405 Loaded shared library C:\Users\Tomas Ramires\.p2\pool\plugins\org.eclipse.justj.openjdk.hotspot.jre.full.win32.x86_64_21.0.6.v20250130-0529\jre\bin\fontmanager.dll
Event: 4.819 Loaded shared library C:\Users\Tomas Ramires\.p2\pool\plugins\org.eclipse.justj.openjdk.hotspot.jre.full.win32.x86_64_21.0.6.v20250130-0529\jre\bin\javajpeg.dll

Deoptimization events (20 events):
Event: 12.730 Thread 0x0000015a67afd3c0 DEOPT PACKING pc=0x0000015a4ec227a7 sp=0x00000028ddffe960
Event: 12.730 Thread 0x0000015a6a055840 DEOPT PACKING pc=0x0000015a4ec227a7 sp=0x00000028dc6fe330
Event: 12.730 Thread 0x0000015a67af7e70 DEOPT PACKING pc=0x0000015a4ec227a7 sp=0x00000028dddfe860
Event: 12.730 Thread 0x0000015a67afd3c0 DEOPT UNPACKING pc=0x0000015a55bc4e42 sp=0x00000028ddffddf8 mode 0
Event: 12.730 Thread 0x0000015a6a058630 DEOPT PACKING pc=0x0000015a4ec227a7 sp=0x00000028dc4fe5e0
Event: 12.730 Thread 0x0000015a6a055840 DEOPT UNPACKING pc=0x0000015a55bc4e42 sp=0x00000028dc6fd7c8 mode 0
Event: 12.730 Thread 0x0000015a67af7e70 DEOPT UNPACKING pc=0x0000015a55bc4e42 sp=0x00000028dddfdcf8 mode 0
Event: 12.730 Thread 0x0000015a6a0530e0 DEOPT PACKING pc=0x0000015a4ec227a7 sp=0x00000028dc7fe8e0
Event: 12.730 Thread 0x0000015a67afda50 DEOPT PACKING pc=0x0000015a4ec227a7 sp=0x00000028de4fe600
Event: 12.730 Thread 0x0000015a6a0530e0 DEOPT UNPACKING pc=0x0000015a55bc4e42 sp=0x00000028dc7fdd78 mode 0
Event: 12.730 Thread 0x0000015a6a058630 DEOPT UNPACKING pc=0x0000015a55bc4e42 sp=0x00000028dc4fda78 mode 0
Event: 12.730 Thread 0x0000015a67afda50 DEOPT UNPACKING pc=0x0000015a55bc4e42 sp=0x00000028de4fda98 mode 0
Event: 13.494 Thread 0x0000015a62e53630 DEOPT PACKING pc=0x0000015a4e8c3fd1 sp=0x00000028db4fcd40
Event: 13.494 Thread 0x0000015a62e53630 DEOPT UNPACKING pc=0x0000015a55bc4e42 sp=0x00000028db4fc1d8 mode 0
Event: 14.088 Thread 0x0000015a62e53630 DEOPT PACKING pc=0x0000015a4e8b14a7 sp=0x00000028db4fcc90
Event: 14.088 Thread 0x0000015a62e53630 DEOPT UNPACKING pc=0x0000015a55bc4e42 sp=0x00000028db4fc140 mode 0
Event: 14.093 Thread 0x0000015a62e53630 Uncommon trap: trap_request=0xffffff45 fr.pc=0x0000015a562973a8 relative=0x0000000000000088
Event: 14.093 Thread 0x0000015a62e53630 Uncommon trap: reason=unstable_if action=reinterpret pc=0x0000015a562973a8 method=sun.java2d.pipe.Region.isInsideXYXY(IIII)Z @ 30 c2
Event: 14.093 Thread 0x0000015a62e53630 DEOPT PACKING pc=0x0000015a562973a8 sp=0x00000028db4fe080
Event: 14.093 Thread 0x0000015a62e53630 DEOPT UNPACKING pc=0x0000015a55bc46a2 sp=0x00000028db4fe018 mode 2

Classes loaded (20 events):
Event: 11.828 Loading class javax/swing/text/LabelView done
Event: 11.828 Loading class javax/swing/text/html/InlineView done
Event: 11.830 Loading class javax/swing/text/GlyphPainter1
Event: 11.830 Loading class javax/swing/text/GlyphView$GlyphPainter
Event: 11.830 Loading class javax/swing/text/GlyphView$GlyphPainter done
Event: 11.830 Loading class javax/swing/text/GlyphPainter1 done
Event: 11.834 Loading class javax/swing/text/ParagraphView$Row
Event: 11.835 Loading class javax/swing/text/ParagraphView$Row done
Event: 11.835 Loading class javax/swing/text/Utilities
Event: 11.835 Loading class javax/swing/text/Utilities done
Event: 11.839 Loading class javax/swing/text/WhitespaceBasedBreakIterator
Event: 11.839 Loading class java/text/BreakIterator
Event: 11.839 Loading class java/text/BreakIterator done
Event: 11.839 Loading class javax/swing/text/WhitespaceBasedBreakIterator done
Event: 11.841 Loading class javax/swing/text/ComponentView
Event: 11.841 Loading class javax/swing/text/ComponentView done
Event: 11.841 Loading class javax/swing/JEditorPane
Event: 11.843 Loading class javax/swing/JEditorPane done
Event: 69.029 Loading class java/security/DomainCombiner
Event: 69.049 Loading class java/security/DomainCombiner done

Classes unloaded (0 events):
No events

Classes redefined (0 events):
No events

Internal exceptions (20 events):
Event: 37.782 Thread 0x0000015a6a056560 Exception <a 'java/lang/InterruptedException'{0x000000008ce83338}: sleep interrupted> (0x000000008ce83338) 
thrown [s\src\hotspot\share\prims\jvm.cpp, line 3052]
Event: 37.787 Thread 0x0000015a67d1be10 Exception <a 'java/lang/InterruptedException'{0x000000008d1b8c70}: sleep interrupted> (0x000000008d1b8c70) 
thrown [s\src\hotspot\share\prims\jvm.cpp, line 3052]
Event: 37.817 Thread 0x0000015a67d1d1c0 Exception <a 'java/lang/InterruptedException'{0x000000008d1bb3e0}: sleep interrupted> (0x000000008d1bb3e0) 
thrown [s\src\hotspot\share\prims\jvm.cpp, line 3052]
Event: 37.831 Thread 0x0000015a6a057fa0 Exception <a 'java/lang/InterruptedException'{0x000000008d0c6b28}: sleep interrupted> (0x000000008d0c6b28) 
thrown [s\src\hotspot\share\prims\jvm.cpp, line 3052]
Event: 37.831 Thread 0x0000015a67af9f40 Exception <a 'java/lang/InterruptedException'{0x000000008d3a8608}: sleep interrupted> (0x000000008d3a8608) 
thrown [s\src\hotspot\share\prims\jvm.cpp, line 3052]
Event: 37.845 Thread 0x0000015a6a0551b0 Exception <a 'java/lang/InterruptedException'{0x000000008ce84e60}: sleep interrupted> (0x000000008ce84e60) 
thrown [s\src\hotspot\share\prims\jvm.cpp, line 3052]
Event: 37.892 Thread 0x0000015a6a058630 Exception <a 'java/lang/InterruptedException'{0x000000008d1ba860}: sleep interrupted> (0x000000008d1ba860) 
thrown [s\src\hotspot\share\prims\jvm.cpp, line 3052]
Event: 37.945 Thread 0x0000015a6a057280 Exception <a 'java/lang/InterruptedException'{0x000000008d277208}: sleep interrupted> (0x000000008d277208) 
thrown [s\src\hotspot\share\prims\jvm.cpp, line 3052]
Event: 38.021 Thread 0x0000015a67d1b780 Exception <a 'java/lang/InterruptedException'{0x000000008d1cc430}: sleep interrupted> (0x000000008d1cc430) 
thrown [s\src\hotspot\share\prims\jvm.cpp, line 3052]
Event: 38.027 Thread 0x0000015a67af9220 Exception <a 'java/lang/InterruptedException'{0x000000008d3f8738}: sleep interrupted> (0x000000008d3f8738) 
thrown [s\src\hotspot\share\prims\jvm.cpp, line 3052]
Event: 38.089 Thread 0x0000015a67afb2f0 Exception <a 'java/lang/InterruptedException'{0x000000008d3a7a68}: sleep interrupted> (0x000000008d3a7a68) 
thrown [s\src\hotspot\share\prims\jvm.cpp, line 3052]
Event: 38.090 Thread 0x0000015a6a054b20 Exception <a 'java/lang/InterruptedException'{0x000000008d1c7dc8}: sleep interrupted> (0x000000008d1c7dc8) 
thrown [s\src\hotspot\share\prims\jvm.cpp, line 3052]
Event: 38.152 Thread 0x0000015a67d1aa60 Exception <a 'java/lang/InterruptedException'{0x000000008d3c1068}: sleep interrupted> (0x000000008d3c1068) 
thrown [s\src\hotspot\share\prims\jvm.cpp, line 3052]
Event: 38.152 Thread 0x0000015a6a059350 Exception <a 'java/lang/InterruptedException'{0x000000008d3f70b8}: sleep interrupted> (0x000000008d3f70b8) 
thrown [s\src\hotspot\share\prims\jvm.cpp, line 3052]
Event: 38.182 Thread 0x0000015a6a0530e0 Exception <a 'java/lang/InterruptedException'{0x000000008d2f3698}: sleep interrupted> (0x000000008d2f3698) 
thrown [s\src\hotspot\share\prims\jvm.cpp, line 3052]
Event: 38.233 Thread 0x0000015a67afa5d0 Exception <a 'java/lang/InterruptedException'{0x000000008d0c7480}: sleep interrupted> (0x000000008d0c7480) 
thrown [s\src\hotspot\share\prims\jvm.cpp, line 3052]
Event: 38.237 Thread 0x0000015a67d1cb30 Exception <a 'java/lang/InterruptedException'{0x000000008ce01148}: sleep interrupted> (0x000000008ce01148) 
thrown [s\src\hotspot\share\prims\jvm.cpp, line 3052]
Event: 38.293 Thread 0x0000015a67d1b0f0 Exception <a 'java/lang/InterruptedException'{0x000000008d36b3e0}: sleep interrupted> (0x000000008d36b3e0) 
thrown [s\src\hotspot\share\prims\jvm.cpp, line 3052]
Event: 38.459 Thread 0x0000015a6a0523c0 Exception <a 'java/lang/InterruptedException'{0x000000008b4fef58}: sleep interrupted> (0x000000008b4fef58) 
thrown [s\src\hotspot\share\prims\jvm.cpp, line 3052]
Event: 39.426 Thread 0x0000015a67af7e70 Exception <a 'java/lang/InterruptedException'{0x00000000894d2f08}: sleep interrupted> (0x00000000894d2f08) 
thrown [s\src\hotspot\share\prims\jvm.cpp, line 3052]

ZGC Phase Switch (0 events):
No events

VM Operations (20 events):
Event: 126.035 Executing VM operation: Cleanup
Event: 126.292 Executing VM operation: Cleanup done
Event: 126.453 Executing VM operation: G1CollectForAllocation (G1 Evacuation Pause)
Event: 126.456 Executing VM operation: G1CollectForAllocation (G1 Evacuation Pause) done
Event: 126.468 Executing VM operation: G1PauseRemark
Event: 126.474 Executing VM operation: G1PauseRemark done
Event: 126.480 Executing VM operation: G1PauseCleanup
Event: 126.480 Executing VM operation: G1PauseCleanup done
Event: 136.907 Executing VM operation: G1CollectForAllocation (G1 Evacuation Pause)
Event: 141.690 Executing VM operation: G1CollectForAllocation (G1 Evacuation Pause) done
Event: 157.800 Executing VM operation: G1CollectForAllocation (G1 Evacuation Pause)
Event: 158.054 Executing VM operation: G1CollectForAllocation (G1 Evacuation Pause) done
Event: 173.195 Executing VM operation: Cleanup
Event: 173.604 Executing VM operation: Cleanup done
Event: 205.399 Executing VM operation: G1TryInitiateConcMark (G1 Humongous Allocation)
Event: 205.626 Executing VM operation: G1TryInitiateConcMark (G1 Humongous Allocation) done
Event: 205.997 Executing VM operation: G1PauseRemark
Event: 208.220 Executing VM operation: G1PauseRemark done
Event: 208.225 Executing VM operation: G1PauseCleanup
Event: 208.236 Executing VM operation: G1PauseCleanup done

Memory protections (0 events):
No events

Nmethod flushes (20 events):
Event: 31.111 Thread 0x0000015a62b11950 flushing  nmethod 0x0000015a4ea95b10
Event: 31.111 Thread 0x0000015a62b11950 flushing  nmethod 0x0000015a4e9d6c10
Event: 31.111 Thread 0x0000015a62b11950 flushing  nmethod 0x0000015a4e6d7990
Event: 31.111 Thread 0x0000015a62b11950 flushing  nmethod 0x0000015a4ea2fc90
Event: 31.111 Thread 0x0000015a62b11950 flushing  nmethod 0x0000015a4ea52510
Event: 37.512 Thread 0x0000015a62b11950 flushing  nmethod 0x0000015a4eb44c10
Event: 37.512 Thread 0x0000015a62b11950 flushing  nmethod 0x0000015a4eb4e790
Event: 37.512 Thread 0x0000015a62b11950 flushing  nmethod 0x0000015a4eb50110
Event: 37.512 Thread 0x0000015a62b11950 flushing  nmethod 0x0000015a4e93c890
Event: 37.512 Thread 0x0000015a62b11950 flushing  nmethod 0x0000015a4e93cc90
Event: 37.512 Thread 0x0000015a62b11950 flushing  nmethod 0x0000015a4e984110
Event: 64.104 Thread 0x0000015a62b11950 flushing  nmethod 0x0000015a4e8db690
Event: 64.104 Thread 0x0000015a62b11950 flushing  nmethod 0x0000015a4ea9a610
Event: 64.104 Thread 0x0000015a62b11950 flushing  nmethod 0x0000015a4ea9bb90
Event: 64.104 Thread 0x0000015a62b11950 flushing  nmethod 0x0000015a4ea97890
Event: 64.104 Thread 0x0000015a62b11950 flushing  nmethod 0x0000015a4e8efc10
Event: 72.815 Thread 0x0000015a62b11950 flushing  nmethod 0x0000015a4ea98110
Event: 72.815 Thread 0x0000015a62b11950 flushing  nmethod 0x0000015a4ea98c90
Event: 84.159 Thread 0x0000015a62b11950 flushing  nmethod 0x0000015a4e8e3190
Event: 208.216 Thread 0x0000015a62b11950 flushing  nmethod 0x0000015a4e8d3190

Events (20 events):
Event: 37.847 Thread 0x0000015a6a056560 Thread exited: 0x0000015a6a056560
Event: 37.847 Thread 0x0000015a67af9f40 Thread exited: 0x0000015a67af9f40
Event: 37.892 Thread 0x0000015a6a058630 Thread exited: 0x0000015a6a058630
Event: 37.945 Thread 0x0000015a6a057280 Thread exited: 0x0000015a6a057280
Event: 38.021 Thread 0x0000015a67d1b780 Thread exited: 0x0000015a67d1b780
Event: 38.027 Thread 0x0000015a67af9220 Thread exited: 0x0000015a67af9220
Event: 38.089 Thread 0x0000015a67afb2f0 Thread exited: 0x0000015a67afb2f0
Event: 38.090 Thread 0x0000015a6a054b20 Thread exited: 0x0000015a6a054b20
Event: 38.152 Thread 0x0000015a67d1aa60 Thread exited: 0x0000015a67d1aa60
Event: 38.152 Thread 0x0000015a6a059350 Thread exited: 0x0000015a6a059350
Event: 38.182 Thread 0x0000015a6a0530e0 Thread exited: 0x0000015a6a0530e0
Event: 38.233 Thread 0x0000015a67afa5d0 Thread exited: 0x0000015a67afa5d0
Event: 38.237 Thread 0x0000015a67d1cb30 Thread exited: 0x0000015a67d1cb30
Event: 38.293 Thread 0x0000015a67d1b0f0 Thread exited: 0x0000015a67d1b0f0
Event: 38.459 Thread 0x0000015a6a0523c0 Thread exited: 0x0000015a6a0523c0
Event: 39.427 Thread 0x0000015a67af7e70 Thread exited: 0x0000015a67af7e70
Event: 42.593 Thread 0x0000015a6a053e00 Thread exited: 0x0000015a6a053e00
Event: 42.593 Thread 0x0000015a67afac60 Thread exited: 0x0000015a67afac60
Event: 42.594 Thread 0x0000015a6a055ed0 Thread exited: 0x0000015a6a055ed0
Event: 42.610 Thread 0x0000015a67af6ac0 Thread exited: 0x0000015a67af6ac0


Dynamic libraries:
0x00007ff71a720000 - 0x00007ff71a72e000 	C:\Users\Tomas Ramires\.p2\pool\plugins\org.eclipse.justj.openjdk.hotspot.jre.full.win32.x86_64_21.0.6.v20250130-0529\jre\bin\javaw.exe
0x00007ff9dd560000 - 0x00007ff9dd769000 	C:\Windows\SYSTEM32\ntdll.dll
0x00007ff9db3b0000 - 0x00007ff9db46d000 	C:\Windows\System32\KERNEL32.DLL
0x00007ff9dae80000 - 0x00007ff9db204000 	C:\Windows\System32\KERNELBASE.dll
0x00007ff9dabc0000 - 0x00007ff9dacd1000 	C:\Windows\System32\ucrtbase.dll
0x00007ff9d7240000 - 0x00007ff9d725e000 	C:\Users\Tomas Ramires\.p2\pool\plugins\org.eclipse.justj.openjdk.hotspot.jre.full.win32.x86_64_21.0.6.v20250130-0529\jre\bin\VCRUNTIME140.dll
0x00007ff9d5c30000 - 0x00007ff9d5c48000 	C:\Users\Tomas Ramires\.p2\pool\plugins\org.eclipse.justj.openjdk.hotspot.jre.full.win32.x86_64_21.0.6.v20250130-0529\jre\bin\jli.dll
0x00007ff9db630000 - 0x00007ff9db7dd000 	C:\Windows\System32\USER32.dll
0x00007ff9c61b0000 - 0x00007ff9c6455000 	C:\Windows\WinSxS\amd64_microsoft.windows.common-controls_6595b64144ccf1df_6.0.22000.120_none_9d947278b86cc467\COMCTL32.dll
0x00007ff9db380000 - 0x00007ff9db3a6000 	C:\Windows\System32\win32u.dll
0x00007ff9dc830000 - 0x00007ff9dc8d3000 	C:\Windows\System32\msvcrt.dll
0x00007ff9db7e0000 - 0x00007ff9db80a000 	C:\Windows\System32\GDI32.dll
0x00007ff9dad60000 - 0x00007ff9dae7e000 	C:\Windows\System32\gdi32full.dll
0x00007ff9daab0000 - 0x00007ff9dab4d000 	C:\Windows\System32\msvcp_win.dll
0x00007ff9dd1c0000 - 0x00007ff9dd1f1000 	C:\Windows\System32\IMM32.DLL
0x00007ff9d2090000 - 0x00007ff9d209c000 	C:\Users\Tomas Ramires\.p2\pool\plugins\org.eclipse.justj.openjdk.hotspot.jre.full.win32.x86_64_21.0.6.v20250130-0529\jre\bin\vcruntime140_1.dll
0x00007ff9b25e0000 - 0x00007ff9b266d000 	C:\Users\Tomas Ramires\.p2\pool\plugins\org.eclipse.justj.openjdk.hotspot.jre.full.win32.x86_64_21.0.6.v20250130-0529\jre\bin\msvcp140.dll
0x00007ff94e5c0000 - 0x00007ff94f350000 	C:\Users\Tomas Ramires\.p2\pool\plugins\org.eclipse.justj.openjdk.hotspot.jre.full.win32.x86_64_21.0.6.v20250130-0529\jre\bin\server\jvm.dll
0x00007ff9dd470000 - 0x00007ff9dd51e000 	C:\Windows\System32\ADVAPI32.dll
0x00007ff9dc790000 - 0x00007ff9dc82e000 	C:\Windows\System32\sechost.dll
0x00007ff9dce20000 - 0x00007ff9dcf41000 	C:\Windows\System32\RPCRT4.dll
0x00007ff9dd150000 - 0x00007ff9dd1bf000 	C:\Windows\System32\WS2_32.dll
0x00007ff9cd580000 - 0x00007ff9cd58a000 	C:\Windows\SYSTEM32\VERSION.dll
0x00007ff9d40b0000 - 0x00007ff9d40e3000 	C:\Windows\SYSTEM32\WINMM.dll
0x00007ff9d9350000 - 0x00007ff9d939d000 	C:\Windows\SYSTEM32\POWRPROF.dll
0x00007ff9d9440000 - 0x00007ff9d9453000 	C:\Windows\SYSTEM32\UMPDC.dll
0x00007ff9d9b50000 - 0x00007ff9d9b68000 	C:\Windows\SYSTEM32\kernel.appcore.dll
0x00007ff9d5b50000 - 0x00007ff9d5b5a000 	C:\Users\Tomas Ramires\.p2\pool\plugins\org.eclipse.justj.openjdk.hotspot.jre.full.win32.x86_64_21.0.6.v20250130-0529\jre\bin\jimage.dll
0x00007ff9c7a60000 - 0x00007ff9c7c81000 	C:\Windows\SYSTEM32\DBGHELP.DLL
0x00007ff9c13b0000 - 0x00007ff9c13e1000 	C:\Windows\SYSTEM32\dbgcore.DLL
0x00007ff9dace0000 - 0x00007ff9dad5f000 	C:\Windows\System32\bcryptPrimitives.dll
0x00007ff9ccf50000 - 0x00007ff9ccf6f000 	C:\Users\Tomas Ramires\.p2\pool\plugins\org.eclipse.justj.openjdk.hotspot.jre.full.win32.x86_64_21.0.6.v20250130-0529\jre\bin\java.dll
0x00007ff9dbd80000 - 0x00007ff9dc545000 	C:\Windows\System32\SHELL32.dll
0x00007ff9d8ad0000 - 0x00007ff9d9332000 	C:\Windows\SYSTEM32\windows.storage.dll
0x00007ff9dca80000 - 0x00007ff9dcdf6000 	C:\Windows\System32\combase.dll
0x00007ff9d8960000 - 0x00007ff9d8ac7000 	C:\Windows\SYSTEM32\wintypes.dll
0x00007ff9dcf50000 - 0x00007ff9dd03a000 	C:\Windows\System32\SHCORE.dll
0x00007ff9dd410000 - 0x00007ff9dd46d000 	C:\Windows\System32\shlwapi.dll
0x00007ff9da920000 - 0x00007ff9da945000 	C:\Windows\SYSTEM32\profapi.dll
0x00007ff9ca3d0000 - 0x00007ff9ca3e8000 	C:\Users\Tomas Ramires\.p2\pool\plugins\org.eclipse.justj.openjdk.hotspot.jre.full.win32.x86_64_21.0.6.v20250130-0529\jre\bin\zip.dll
0x00007ff994990000 - 0x00007ff994b1e000 	C:\Users\Tomas Ramires\.p2\pool\plugins\org.eclipse.justj.openjdk.hotspot.jre.full.win32.x86_64_21.0.6.v20250130-0529\jre\bin\awt.dll
0x00007ff9dc8f0000 - 0x00007ff9dc9c6000 	C:\Windows\System32\OLEAUT32.dll
0x00007ff9d7f20000 - 0x00007ff9d7fb2000 	C:\Windows\SYSTEM32\apphelp.dll
0x00007ff9d8020000 - 0x00007ff9d80cc000 	C:\Windows\system32\uxtheme.dll
0x00007ff9dd200000 - 0x00007ff9dd31d000 	C:\Windows\System32\MSCTF.dll
0x00007ff9dc550000 - 0x00007ff9dc6ea000 	C:\Windows\System32\ole32.dll
0x00007ff9d8450000 - 0x00007ff9d847f000 	C:\Windows\system32\DWMAPI.DLL
0x00007ff9b4c30000 - 0x00007ff9b4d31000 	C:\Windows\system32\opengl32.dll
0x00007ff9c7350000 - 0x00007ff9c737d000 	C:\Windows\SYSTEM32\GLU32.dll
0x00007ff9d82d0000 - 0x00007ff9d8308000 	C:\Windows\SYSTEM32\dxcore.dll
0x00007ff9da240000 - 0x00007ff9da258000 	C:\Windows\SYSTEM32\CRYPTSP.dll
0x00007ff9d9ab0000 - 0x00007ff9d9ae5000 	C:\Windows\system32\rsaenh.dll
0x00007ff9da0f0000 - 0x00007ff9da11c000 	C:\Windows\SYSTEM32\USERENV.dll
0x00007ff9da3c0000 - 0x00007ff9da3e7000 	C:\Windows\SYSTEM32\bcrypt.dll
0x00007ff9da260000 - 0x00007ff9da26c000 	C:\Windows\SYSTEM32\CRYPTBASE.dll
0x00007ff9d4470000 - 0x00007ff9d4480000 	C:\Users\Tomas Ramires\.p2\pool\plugins\org.eclipse.justj.openjdk.hotspot.jre.full.win32.x86_64_21.0.6.v20250130-0529\jre\bin\net.dll
0x00007ff9d58e0000 - 0x00007ff9d59f4000 	C:\Windows\SYSTEM32\WINHTTP.dll
0x00007ff9da000000 - 0x00007ff9da067000 	C:\Windows\system32\mswsock.dll
0x00007ff9d9670000 - 0x00007ff9d969d000 	C:\Windows\SYSTEM32\IPHLPAPI.DLL
0x00007ff9dc8e0000 - 0x00007ff9dc8e9000 	C:\Windows\System32\NSI.dll
0x00007ff9c9ef0000 - 0x00007ff9c9f06000 	C:\Users\Tomas Ramires\.p2\pool\plugins\org.eclipse.justj.openjdk.hotspot.jre.full.win32.x86_64_21.0.6.v20250130-0529\jre\bin\nio.dll
0x00007ff9b2550000 - 0x00007ff9b25d7000 	C:\Users\Tomas Ramires\.p2\pool\plugins\org.eclipse.justj.openjdk.hotspot.jre.full.win32.x86_64_21.0.6.v20250130-0529\jre\bin\freetype.dll
0x00007ff9a6ba0000 - 0x00007ff9a6c7b000 	C:\Users\Tomas Ramires\.p2\pool\plugins\org.eclipse.justj.openjdk.hotspot.jre.full.win32.x86_64_21.0.6.v20250130-0529\jre\bin\fontmanager.dll
0x00007ff9b0c10000 - 0x00007ff9b0d3c000 	C:\Windows\SYSTEM32\textinputframework.dll
0x00007ff9d7c30000 - 0x00007ff9d7d61000 	C:\Windows\SYSTEM32\CoreMessaging.dll
0x00007ff9d4a10000 - 0x00007ff9d4d7d000 	C:\Windows\SYSTEM32\CoreUIComponents.dll
0x00007ff9c8c30000 - 0x00007ff9c8c5e000 	C:\Users\Tomas Ramires\.p2\pool\plugins\org.eclipse.justj.openjdk.hotspot.jre.full.win32.x86_64_21.0.6.v20250130-0529\jre\bin\javajpeg.dll

dbghelp: loaded successfully - version: 4.0.5 - missing functions: none
symbol engine: initialized successfully - sym options: 0x614 - pdb path: .;C:\Users\Tomas Ramires\.p2\pool\plugins\org.eclipse.justj.openjdk.hotspot.jre.full.win32.x86_64_21.0.6.v20250130-0529\jre\bin;C:\Windows\SYSTEM32;C:\Windows\WinSxS\amd64_microsoft.windows.common-controls_6595b64144ccf1df_6.0.22000.120_none_9d947278b86cc467;C:\Users\Tomas Ramires\.p2\pool\plugins\org.eclipse.justj.openjdk.hotspot.jre.full.win32.x86_64_21.0.6.v20250130-0529\jre\bin\server

VM Arguments:
jvm_args: -Dfile.encoding=UTF-8 -Dstdout.encoding=UTF-8 -Dstderr.encoding=UTF-8 -XX:+ShowCodeDetailsInExceptionMessages 
java_command: presentation.POOBkemonGUI
java_class_path (initial): C:\Users\Tomas Ramires\git\POOBkemon\POOBkemon\bin
Launcher Type: SUN_STANDARD

[Global flags]
     intx CICompilerCount                          = 4                                         {product} {ergonomic}
     uint ConcGCThreads                            = 2                                         {product} {ergonomic}
     uint G1ConcRefinementThreads                  = 8                                         {product} {ergonomic}
   size_t G1HeapRegionSize                         = 1048576                                   {product} {ergonomic}
    uintx GCDrainStackTargetSize                   = 64                                        {product} {ergonomic}
   size_t InitialHeapSize                          = 134217728                                 {product} {ergonomic}
   size_t MarkStackSize                            = 4194304                                   {product} {ergonomic}
   size_t MaxHeapSize                              = 2118123520                                {product} {ergonomic}
   size_t MaxNewSize                               = 1270874112                                {product} {ergonomic}
   size_t MinHeapDeltaBytes                        = 1048576                                   {product} {ergonomic}
   size_t MinHeapSize                              = 8388608                                   {product} {ergonomic}
    uintx NonNMethodCodeHeapSize                   = 5839372                                {pd product} {ergonomic}
    uintx NonProfiledCodeHeapSize                  = 122909434                              {pd product} {ergonomic}
    uintx ProfiledCodeHeapSize                     = 122909434                              {pd product} {ergonomic}
    uintx ReservedCodeCacheSize                    = 251658240                              {pd product} {ergonomic}
     bool SegmentedCodeCache                       = true                                      {product} {ergonomic}
     bool ShowCodeDetailsInExceptionMessages       = true                                   {manageable} {command line}
   size_t SoftMaxHeapSize                          = 2118123520                             {manageable} {ergonomic}
     bool UseCompressedOops                        = true                           {product lp64_product} {ergonomic}
     bool UseG1GC                                  = true                                      {product} {ergonomic}
     bool UseLargePagesIndividualAllocation        = false                                  {pd product} {ergonomic}

Logging:
Log output configuration:
 #0: stdout all=warning uptime,level,tags foldmultilines=false
 #1: stderr all=off uptime,level,tags foldmultilines=false

Environment Variables:
PATH=C:/Users/Tomas Ramires/.p2/pool/plugins/org.eclipse.justj.openjdk.hotspot.jre.full.win32.x86_64_21.0.6.v20250130-0529/jre/bin/server;C:/Users/Tomas Ramires/.p2/pool/plugins/org.eclipse.justj.openjdk.hotspot.jre.full.win32.x86_64_21.0.6.v20250130-0529/jre/bin;C:\Program Files\Common Files\Oracle\Java\javapath;C:\Windows\system32;C:\Windows;C:\Windows\System32\Wbem;C:\Windows\System32\WindowsPowerShell\v1.0\;C:\Windows\System32\OpenSSH\;C:\Program Files (x86)\NVIDIA Corporation\PhysX\Common;C:\Program Files\NVIDIA Corporation\NVIDIA NvDLISR;C:\Program Files\Git\cmd;C:\Users\Tomas Ramires\AppData\Local\Programs\Python\Launcher\;C:\Users\Tomas Ramires\AppData\Local\Microsoft\WindowsApps;C:\Users\Tomas Ramires\AppData\Local\Programs\Microsoft VS Code\bin;C:\Users\Tomas Ramires\Desktop;
USERNAME=Tomas Ramires
OS=Windows_NT
PROCESSOR_IDENTIFIER=Intel64 Family 6 Model 158 Stepping 9, GenuineIntel
TMP=C:\Users\TOMASR~1\AppData\Local\Temp
TEMP=C:\Users\TOMASR~1\AppData\Local\Temp




Periodic native trim disabled

---------------  S Y S T E M  ---------------

OS:
 Windows 11 , 64 bit Build 22000 (10.0.22000.2538)
OS uptime: 14 days 1:47 hours

CPU: total 8 (initial active 8) (4 cores per cpu, 2 threads per core) family 6 model 158 stepping 9 microcode 0xde, cx8, cmov, fxsr, ht, mmx, 3dnowpref, sse, sse2, sse3, ssse3, sse4.1, sse4.2, popcnt, lzcnt, tsc, tscinvbit, avx, avx2, aes, erms, clmul, bmi1, bmi2, adx, fma, vzeroupper, clflush, clflushopt, rdtscp, f16c
Processor Information for the first 8 processors :
  Max Mhz: 2808, Current Mhz: 2808, Mhz Limit: 2808

Memory: 4k page, system-wide physical 8075M (8M free)
TotalPageFile size 32651M (AvailPageFile size 0M)
current process WorkingSet (physical memory assigned to process): 101M, peak: 250M
current process commit charge ("private bytes"): 343M, peak: 343M

vm_info: OpenJDK 64-Bit Server VM (21.0.6+7-LTS) for windows-amd64 JRE (21.0.6+7-LTS), built on 2025-01-21T00:00:00Z by "admin" with MS VC++ 17.7 (VS2022)

END.
